<?xml version="1.0" encoding="UTF-8"?>
<coverage generated="1630430429242" clover="3.2.0">
  <project timestamp="1630430429242" name="All files">
    <metrics statements="16" coveredstatements="3" conditionals="6" coveredconditionals="0" methods="4" coveredmethods="1" elements="26" coveredelements="4" complexity="0" loc="16" ncloc="16" packages="1" files="1" classes="1"/>
    <file name="pigdie.js" path="C:\Users\Becket\Desktop\PigDie\src\pigdie.js">
      <metrics statements="16" coveredstatements="3" conditionals="6" coveredconditionals="0" methods="4" coveredmethods="1"/>
      <line num="3" count="0" type="stmt"/>
      <line num="4" count="0" type="stmt"/>
      <line num="13" count="1" type="stmt"/>
      <line num="22" count="1" type="stmt"/>
      <line num="23" count="0" type="cond" truecount="0" falsecount="2"/>
      <line num="24" count="0" type="stmt"/>
      <line num="25" count="0" type="stmt"/>
      <line num="26" count="0" type="stmt"/>
      <line num="28" count="0" type="stmt"/>
      <line num="42" count="1" type="stmt"/>
      <line num="43" count="0" type="cond" truecount="0" falsecount="2"/>
      <line num="44" count="0" type="stmt"/>
      <line num="45" count="0" type="cond" truecount="0" falsecount="2"/>
      <line num="46" count="0" type="stmt"/>
      <line num="48" count="0" type="stmt"/>
      <line num="49" count="0" type="stmt"/>
    </file>
  </project>
</coverage>
