{"C:\\Users\\Becket\\Desktop\\PigDie\\src\\pigdie.js": {"path":"C:\\Users\\Becket\\Desktop\\PigDie\\src\\pigdie.js","statementMap":{"0":{"start":{"line":3,"column":2},"end":{"line":3,"column":21}},"1":{"start":{"line":4,"column":2},"end":{"line":4,"column":25}},"2":{"start":{"line":13,"column":2},"end":{"line":13,"column":60}},"3":{"start":{"line":22,"column":0},"end":{"line":30,"column":1}},"4":{"start":{"line":23,"column":2},"end":{"line":29,"column":3}},"5":{"start":{"line":24,"column":4},"end":{"line":24,"column":21}},"6":{"start":{"line":25,"column":4},"end":{"line":25,"column":45}},"7":{"start":{"line":26,"column":4},"end":{"line":26,"column":38}},"8":{"start":{"line":28,"column":4},"end":{"line":28,"column":27}},"9":{"start":{"line":42,"column":0},"end":{"line":51,"column":1}},"10":{"start":{"line":43,"column":2},"end":{"line":50,"column":3}},"11":{"start":{"line":44,"column":4},"end":{"line":44,"column":38}},"12":{"start":{"line":45,"column":9},"end":{"line":50,"column":3}},"13":{"start":{"line":46,"column":6},"end":{"line":46,"column":68}},"14":{"start":{"line":48,"column":4},"end":{"line":48,"column":26}},"15":{"start":{"line":49,"column":4},"end":{"line":49,"column":21}}},"fnMap":{"0":{"name":"Player","decl":{"start":{"line":2,"column":16},"end":{"line":2,"column":22}},"loc":{"start":{"line":2,"column":38},"end":{"line":5,"column":1}},"line":2},"1":{"name":"rollDice","decl":{"start":{"line":7,"column":16},"end":{"line":7,"column":24}},"loc":{"start":{"line":7,"column":35},"end":{"line":14,"column":3}},"line":7},"2":{"name":"(anonymous_2)","decl":{"start":{"line":22,"column":24},"end":{"line":22,"column":25}},"loc":{"start":{"line":22,"column":41},"end":{"line":30,"column":1}},"line":22},"3":{"name":"(anonymous_3)","decl":{"start":{"line":42,"column":24},"end":{"line":42,"column":25}},"loc":{"start":{"line":42,"column":42},"end":{"line":51,"column":1}},"line":42}},"branchMap":{"0":{"loc":{"start":{"line":23,"column":2},"end":{"line":29,"column":3}},"type":"if","locations":[{"start":{"line":23,"column":2},"end":{"line":29,"column":3}},{"start":{"line":23,"column":2},"end":{"line":29,"column":3}}],"line":23},"1":{"loc":{"start":{"line":43,"column":2},"end":{"line":50,"column":3}},"type":"if","locations":[{"start":{"line":43,"column":2},"end":{"line":50,"column":3}},{"start":{"line":43,"column":2},"end":{"line":50,"column":3}}],"line":43},"2":{"loc":{"start":{"line":45,"column":9},"end":{"line":50,"column":3}},"type":"if","locations":[{"start":{"line":45,"column":9},"end":{"line":50,"column":3}},{"start":{"line":45,"column":9},"end":{"line":50,"column":3}}],"line":45}},"s":{"0":0,"1":0,"2":1,"3":1,"4":0,"5":0,"6":0,"7":0,"8":0,"9":1,"10":0,"11":0,"12":0,"13":0,"14":0,"15":0},"f":{"0":0,"1":1,"2":0,"3":0},"b":{"0":[0,0],"1":[0,0],"2":[0,0]},"_coverageSchema":"1a1c01bbd47fc00a2c39e90264f33305004495a9","hash":"374ba1694dd3e38e272b0babe78e14e50d7a94f3"}
}
